<?xml version="1.0" encoding="UTF-8"?>
<!-- Generated by org.testng.reporters.JUnitReportReporter -->
<testsuite hostname="LAPTOP-JUSI4RSV" failures="0" tests="3" name="testpkg.ParamTest" time="0.010" errors="0" timestamp="2022-09-29T00:13:18 IST" skipped="0">
  <testcase classname="testpkg.ParamTest" name="applyForLoan" time="0.002"/>
  <system-out/>
  <testcase classname="testpkg.ParamTest" name="applyForLoan" time="0.001"/>
  <system-out/>
  <testcase classname="testpkg.ParamTest" name="applyForLoan" time="0.007"/>
  <system-out/>
</testsuite> <!-- testpkg.ParamTest -->
