<?xml version="1.0" encoding="UTF-8"?>
<!-- Generated by org.testng.reporters.JUnitReportReporter -->
<testsuite hostname="LAPTOP-JUSI4RSV" failures="0" tests="3" name="loanapplications.HomeLoanApplicationTests" time="0.021" errors="0" timestamp="2022-09-29T00:24:13 IST" skipped="0">
  <testcase classname="loanapplications.HomeLoanApplicationTests" name="MobileHomeLoan" time="0.004"/>
  <system-out/>
  <testcase classname="loanapplications.HomeLoanApplicationTests" name="WebHomeLoan" time="0.005"/>
  <system-out/>
  <testcase classname="loanapplications.HomeLoanApplicationTests" name="APIHomeLoan" time="0.012"/>
  <system-out/>
</testsuite> <!-- loanapplications.HomeLoanApplicationTests -->
