<?xml version="1.0" encoding="UTF-8"?>
<!-- Generated by org.testng.reporters.JUnitReportReporter -->
<testsuite hostname="LAPTOP-JUSI4RSV" failures="0" tests="1" name="testpkg.sample2" time="0.003" errors="0" timestamp="2022-09-29T00:23:58 IST" skipped="0">
  <testcase classname="testpkg.sample2" name="demo2" time="0.003"/>
  <system-out/>
</testsuite> <!-- testpkg.sample2 -->
