<?xml version="1.0" encoding="UTF-8"?>
<!-- Generated by org.testng.reporters.JUnitReportReporter -->
<testsuite hostname="LAPTOP-JUSI4RSV" failures="0" tests="2" name="com.testannotations.TestAnnotations" time="0.024" errors="0" timestamp="2022-10-04T23:32:53 IST" skipped="0">
  <testcase classname="com.testannotations.TestAnnotations" name="Test2" time="0.008"/>
  <system-out/>
  <testcase classname="com.testannotations.TestAnnotations" name="Test1" time="0.016"/>
  <system-out/>
</testsuite> <!-- com.testannotations.TestAnnotations -->
