<?xml version="1.0" encoding="UTF-8"?>
<!-- Generated by org.testng.reporters.JUnitReportReporter -->
<testsuite hostname="LAPTOP-JUSI4RSV" failures="0" tests="5" name="webapp.application" time="59.913" errors="0" timestamp="2022-10-12T00:37:46 IST" skipped="0">
  <testcase classname="webapp.application" name="Pageloadtime" time="23.460"/>
  <system-out/>
  <testcase classname="webapp.application" name="Search" time="5.131"/>
  <system-out/>
  <testcase classname="webapp.application" name="Scroll" time="4.890"/>
  <system-out/>
  <testcase classname="webapp.application" name="Download" time="3.876"/>
  <system-out/>
  <testcase classname="webapp.application" name="diffBrowser" time="22.556"/>
  <system-out/>
</testsuite> <!-- webapp.application -->
