<?xml version="1.0" encoding="UTF-8"?>
<!-- Generated by org.testng.reporters.JUnitReportReporter -->
<testsuite hostname="LAPTOP-JUSI4RSV" failures="0" tests="1" name="com.webapp.test1" time="30.045" errors="0" timestamp="2022-10-11T21:55:04 IST" skipped="0">
  <testcase classname="com.webapp.test1" name="flipkart" time="30.045"/>
  <system-out/>
</testsuite> <!-- com.webapp.test1 -->
