<?xml version="1.0" encoding="UTF-8"?>
<!-- Generated by org.testng.reporters.JUnitReportReporter -->
<testsuite hostname="LAPTOP-JUSI4RSV" failures="0" tests="5" name="com.webapp.Webapplication" time="94.023" errors="0" timestamp="2022-10-12T00:13:31 IST" skipped="0">
  <testcase classname="com.webapp.Webapplication" name="LaunchFirefox" time="35.112"/>
  <system-out/>
  <testcase classname="com.webapp.Webapplication" name="Pageloadtime" time="47.704"/>
  <system-out/>
  <testcase classname="com.webapp.Webapplication" name="Search" time="4.614"/>
  <system-out/>
  <testcase classname="com.webapp.Webapplication" name="Scroll" time="3.290"/>
  <system-out/>
  <testcase classname="com.webapp.Webapplication" name="Download" time="3.303"/>
  <system-out/>
</testsuite> <!-- com.webapp.Webapplication -->
