<?xml version="1.0" encoding="UTF-8"?>
<!-- Generated by org.testng.reporters.JUnitReportReporter -->
<testsuite hostname="LAPTOP-JUSI4RSV" failures="0" tests="1" name="webapp.diffbrowser" time="12.427" errors="0" timestamp="2022-10-12T00:20:26 IST" skipped="0">
  <testcase classname="webapp.diffbrowser" name="LaunchFirefox" time="12.427"/>
  <system-out/>
</testsuite> <!-- webapp.diffbrowser -->
