<?xml version="1.0" encoding="UTF-8"?>
<!-- Generated by org.testng.reporters.JUnitReportReporter -->
<testsuite hostname="LAPTOP-JUSI4RSV" failures="0" tests="1" name="com.webapp.l" time="47.728" errors="0" timestamp="2022-10-11T20:50:09 IST" skipped="0">
  <testcase classname="com.webapp.l" name="imageLoaded" time="47.728"/>
  <system-out/>
</testsuite> <!-- com.webapp.l -->
