<?xml version="1.0" encoding="UTF-8"?>
<!-- Generated by org.testng.reporters.JUnitReportReporter -->
<testsuite hostname="LAPTOP-JUSI4RSV" failures="0" tests="1" name="WebApplication.Registration" time="44.447" errors="0" timestamp="2022-10-04T00:48:09 IST" skipped="0">
  <testcase classname="WebApplication.Registration" name="registration" time="44.447"/>
  <system-out/>
</testsuite> <!-- WebApplication.Registration -->
