<?xml version="1.0" encoding="UTF-8"?>
<!-- Generated by org.testng.reporters.JUnitReportReporter -->
<testsuite hostname="LAPTOP-JUSI4RSV" failures="0" tests="1" name="WebApplication.Login" time="23.894" errors="0" timestamp="2022-10-04T00:58:42 IST" skipped="0">
  <testcase classname="WebApplication.Login" name="login" time="23.894"/>
  <system-out/>
</testsuite> <!-- WebApplication.Login -->
