<?xml version="1.0" encoding="UTF-8"?>
<!-- Generated by org.testng.reporters.JUnitReportReporter -->
<testsuite hostname="LAPTOP-JUSI4RSV" failures="0" tests="1" name="WebApplication.AddToCart" time="141.843" errors="0" timestamp="2022-10-04T00:48:09 IST" skipped="0">
  <testcase classname="WebApplication.AddToCart" name="addToCart" time="141.843"/>
  <system-out/>
</testsuite> <!-- WebApplication.AddToCart -->
