<?xml version="1.0" encoding="UTF-8"?>
<!-- Generated by org.testng.reporters.JUnitReportReporter -->
<testsuite hostname="LAPTOP-JUSI4RSV" failures="0" tests="2" name="WebApplication.applicationTesting" time="77.403" errors="0" timestamp="2022-10-03T21:43:52 IST" skipped="0">
  <testcase classname="WebApplication.applicationTesting" name="signup" time="47.084"/>
  <system-out/>
  <testcase classname="WebApplication.applicationTesting" name="signin" time="30.319"/>
  <system-out/>
</testsuite> <!-- WebApplication.applicationTesting -->
