<?xml version="1.0" encoding="UTF-8"?>
<!-- Generated by org.testng.reporters.JUnitReportReporter -->
<testsuite hostname="LAPTOP-JUSI4RSV" failures="0" tests="2" name="WebApplication.LoginandRegistraion" time="84.484" errors="0" timestamp="2022-10-03T22:04:42 IST" skipped="0">
  <testcase classname="WebApplication.LoginandRegistraion" name="signup" time="51.022"/>
  <system-out/>
  <testcase classname="WebApplication.LoginandRegistraion" name="signin" time="33.462"/>
  <system-out/>
</testsuite> <!-- WebApplication.LoginandRegistraion -->
