<?xml version="1.0" encoding="UTF-8"?>
<!-- Generated by org.testng.reporters.JUnitReportReporter -->
<testsuite hostname="LAPTOP-JUSI4RSV" failures="0" tests="1" name="WebApplication.search" time="52.631" errors="0" timestamp="2022-10-04T00:48:09 IST" skipped="0">
  <testcase classname="WebApplication.search" name="searchProduct" time="52.631"/>
  <system-out/>
</testsuite> <!-- WebApplication.search -->
