<?xml version="1.0" encoding="UTF-8"?>
<!-- Generated by org.testng.reporters.JUnitReportReporter -->
<testsuite hostname="LAPTOP-JUSI4RSV" failures="0" tests="1" name="WebApplication.SearchandAddtoCart" time="22.459" errors="0" timestamp="2022-10-03T22:25:37 IST" skipped="0">
  <testcase classname="WebApplication.SearchandAddtoCart" name="searchProduct" time="22.459"/>
  <system-out/>
</testsuite> <!-- WebApplication.SearchandAddtoCart -->
